mysql> mysql> show tables;
+----------------+
| Tables_in_EMP  |
+----------------+
| DEPARTMENT     |
| DEPENDENT      |
| DEPT_LOCATIONS |
| EMPLOYEE       |
| PROJECT        |
| WORKS_ON       |
+----------------+
6 rows in set (0.00 sec)

mysql> select * from DEPARTMENT;
+----------------+---------+-----------+----------------+
| Dname          | Dnumber | Mgr_ssn   | Mgr_start_date |
+----------------+---------+-----------+----------------+
| Headquarters   |       1 | 888665555 | 1981-06-19     |
| Administration |       4 | 987654321 | 1995-01-01     |
| Research       |       5 | 333445555 | 1988-05-22     |
+----------------+---------+-----------+----------------+
3 rows in set (0.00 sec)

mysql> desc DEPARTMENT
    -> ;
+----------------+-------------+------+-----+---------+-------+
| Field          | Type        | Null | Key | Default | Extra |
+----------------+-------------+------+-----+---------+-------+
| Dname          | varchar(15) | NO   | UNI | NULL    |       |
| Dnumber        | int(11)     | NO   | PRI | NULL    |       |
| Mgr_ssn        | char(9)     | NO   | MUL | NULL    |       |
| Mgr_start_date | date        | YES  |     | NULL    |       |
+----------------+-------------+------+-----+---------+-------+
4 rows in set (0.00 sec)

